<?xml version="1.0" encoding="UTF-8"?>
<!-- Generated by org.testng.reporters.JUnitXMLReporter -->
<testsuite hostname="JUELAHMEDD814" ignored="2" name="Default test" tests="1" failures="0" timestamp="20 Jan 2020 19:34:38 GMT" time="14.183" errors="0">
  <testcase name="clickSearchBoxtoType" time="9.062" classname="com.ap.testcases.TestCaseAveeno"/>
  <testcase name="login" time="0.0" classname="com.ap.testcases.TestCaseAveeno">
    <ignored/>
  </testcase> <!-- login -->
  <testcase name="validateRxRefillLinks" time="0.0" classname="com.ap.testcases.TestCaseAveeno">
    <ignored/>
  </testcase> <!-- validateRxRefillLinks -->
</testsuite> <!-- Default test -->
